[INFO] Scanning for projects...
[INFO] 
[INFO] ------------------< eu.arima:springboot-with-webxml >-------------------
[INFO] Building springboot-with-webxml 0.0.1-SNAPSHOT
[INFO] --------------------------------[ jar ]---------------------------------
[INFO] 
[INFO] --- maven-clean-plugin:3.1.0:clean (default-clean) @ springboot-with-webxml ---
[INFO] Deleting E:\CN9\FU_Submission_Webservice\submission\PracticalExams\Practical_JavaWeb_SE1402_20200406\Server\target
[INFO] 
[INFO] --- maven-resources-plugin:3.1.0:resources (default-resources) @ springboot-with-webxml ---
[INFO] Using 'UTF-8' encoding to copy filtered resources.
[INFO] Copying 1 resource
[INFO] Copying 1 resource
[INFO] 
[INFO] --- maven-compiler-plugin:3.8.1:compile (default-compile) @ springboot-with-webxml ---
[INFO] Changes detected - recompiling the module!
[INFO] Compiling 18 source files to E:\CN9\FU_Submission_Webservice\submission\PracticalExams\Practical_JavaWeb_SE1402_20200406\Server\target\classes
[INFO] /E:/CN9/FU_Submission_Webservice/submission/PracticalExams/Practical_JavaWeb_SE1402_20200406/Server/src/main/java/com/practicalexam/student/khanhkt/controller/ShowSearchResultServlet.java: E:\CN9\FU_Submission_Webservice\submission\PracticalExams\Practical_JavaWeb_SE1402_20200406\Server\src\main\java\com\practicalexam\student\khanhkt\controller\ShowSearchResultServlet.java uses unchecked or unsafe operations.
[INFO] /E:/CN9/FU_Submission_Webservice/submission/PracticalExams/Practical_JavaWeb_SE1402_20200406/Server/src/main/java/com/practicalexam/student/khanhkt/controller/ShowSearchResultServlet.java: Recompile with -Xlint:unchecked for details.
[INFO] 
[INFO] --- maven-resources-plugin:3.1.0:testResources (default-testResources) @ springboot-with-webxml ---
[INFO] Using 'UTF-8' encoding to copy filtered resources.
[INFO] skip non existing resourceDirectory E:\CN9\FU_Submission_Webservice\submission\PracticalExams\Practical_JavaWeb_SE1402_20200406\Server\src\test\resources
[INFO] 
[INFO] --- maven-compiler-plugin:3.8.1:testCompile (default-testCompile) @ springboot-with-webxml ---
[INFO] Changes detected - recompiling the module!
[INFO] Compiling 2 source files to E:\CN9\FU_Submission_Webservice\submission\PracticalExams\Practical_JavaWeb_SE1402_20200406\Server\target\test-classes
[INFO] 
[INFO] --- maven-surefire-plugin:2.19.1:test (default-test) @ springboot-with-webxml ---

-------------------------------------------------------
 T E S T S
-------------------------------------------------------
Running server.TestwebApplicationTests
20:00:07.438 [main] DEBUG org.springframework.test.context.BootstrapUtils - Instantiating CacheAwareContextLoaderDelegate from class [org.springframework.test.context.cache.DefaultCacheAwareContextLoaderDelegate]
20:00:07.469 [main] DEBUG org.springframework.test.context.BootstrapUtils - Instantiating BootstrapContext using constructor [public org.springframework.test.context.support.DefaultBootstrapContext(java.lang.Class,org.springframework.test.context.CacheAwareContextLoaderDelegate)]
20:00:07.572 [main] DEBUG org.springframework.test.context.BootstrapUtils - Instantiating TestContextBootstrapper for test class [server.TestwebApplicationTests] from class [org.springframework.boot.test.context.SpringBootTestContextBootstrapper]
20:00:07.632 [main] INFO org.springframework.boot.test.context.SpringBootTestContextBootstrapper - Neither @ContextConfiguration nor @ContextHierarchy found for test class [server.TestwebApplicationTests], using SpringBootContextLoader
20:00:07.644 [main] DEBUG org.springframework.test.context.support.AbstractContextLoader - Did not detect default resource location for test class [server.TestwebApplicationTests]: class path resource [server/TestwebApplicationTests-context.xml] does not exist
20:00:07.646 [main] DEBUG org.springframework.test.context.support.AbstractContextLoader - Did not detect default resource location for test class [server.TestwebApplicationTests]: class path resource [server/TestwebApplicationTestsContext.groovy] does not exist
20:00:07.646 [main] INFO org.springframework.test.context.support.AbstractContextLoader - Could not detect default resource locations for test class [server.TestwebApplicationTests]: no resource found for suffixes {-context.xml, Context.groovy}.
20:00:08.096 [main] DEBUG org.springframework.boot.test.context.SpringBootTestContextBootstrapper - @TestExecutionListeners is not present for class [server.TestwebApplicationTests]: using defaults.
20:00:08.097 [main] INFO org.springframework.boot.test.context.SpringBootTestContextBootstrapper - Loaded default TestExecutionListener class names from location [META-INF/spring.factories]: [org.springframework.boot.test.mock.mockito.MockitoTestExecutionListener, org.springframework.boot.test.mock.mockito.ResetMocksTestExecutionListener, org.springframework.boot.test.autoconfigure.restdocs.RestDocsTestExecutionListener, org.springframework.boot.test.autoconfigure.web.client.MockRestServiceServerResetTestExecutionListener, org.springframework.boot.test.autoconfigure.web.servlet.MockMvcPrintOnlyOnFailureTestExecutionListener, org.springframework.boot.test.autoconfigure.web.servlet.WebDriverTestExecutionListener, org.springframework.test.context.web.ServletTestExecutionListener, org.springframework.test.context.support.DirtiesContextBeforeModesTestExecutionListener, org.springframework.test.context.support.DependencyInjectionTestExecutionListener, org.springframework.test.context.support.DirtiesContextTestExecutionListener, org.springframework.test.context.transaction.TransactionalTestExecutionListener, org.springframework.test.context.jdbc.SqlScriptsTestExecutionListener, org.springframework.test.context.event.EventPublishingTestExecutionListener]
20:00:08.119 [main] DEBUG org.springframework.boot.test.context.SpringBootTestContextBootstrapper - Skipping candidate TestExecutionListener [org.springframework.test.context.transaction.TransactionalTestExecutionListener] due to a missing dependency. Specify custom listener classes or make the default listener classes and their required dependencies available. Offending class: [org/springframework/transaction/interceptor/TransactionAttributeSource]
20:00:08.120 [main] DEBUG org.springframework.boot.test.context.SpringBootTestContextBootstrapper - Skipping candidate TestExecutionListener [org.springframework.test.context.jdbc.SqlScriptsTestExecutionListener] due to a missing dependency. Specify custom listener classes or make the default listener classes and their required dependencies available. Offending class: [org/springframework/transaction/interceptor/TransactionAttribute]
20:00:08.121 [main] INFO org.springframework.boot.test.context.SpringBootTestContextBootstrapper - Using TestExecutionListeners: [org.springframework.test.context.web.ServletTestExecutionListener@9ed238c, org.springframework.test.context.support.DirtiesContextBeforeModesTestExecutionListener@56276db8, org.springframework.boot.test.mock.mockito.MockitoTestExecutionListener@51e8e6e6, org.springframework.boot.test.autoconfigure.SpringBootDependencyInjectionTestExecutionListener@56f6d40b, org.springframework.test.context.support.DirtiesContextTestExecutionListener@36676c1a, org.springframework.test.context.event.EventPublishingTestExecutionListener@5b408dc3, org.springframework.boot.test.mock.mockito.ResetMocksTestExecutionListener@4d098f9b, org.springframework.boot.test.autoconfigure.restdocs.RestDocsTestExecutionListener@2dbf4cbd, org.springframework.boot.test.autoconfigure.web.client.MockRestServiceServerResetTestExecutionListener@20b5f2ac, org.springframework.boot.test.autoconfigure.web.servlet.MockMvcPrintOnlyOnFailureTestExecutionListener@7fc44dec, org.springframework.boot.test.autoconfigure.web.servlet.WebDriverTestExecutionListener@7e3060d8]
20:00:08.127 [main] DEBUG org.springframework.test.context.support.AbstractDirtiesContextTestExecutionListener - Before test class: context [DefaultTestContext@350ec41e testClass = TestwebApplicationTests, testInstance = [null], testMethod = [null], testException = [null], mergedContextConfiguration = [WebMergedContextConfiguration@69637b10 testClass = TestwebApplicationTests, locations = '{}', classes = '{class server.SpringbootWithWebxmlApplication, class server.SpringbootWithWebxmlApplication}', contextInitializerClasses = '[]', activeProfiles = '{test}', propertySourceLocations = '{}', propertySourceProperties = '{org.springframework.boot.test.context.SpringBootTestContextBootstrapper=true}', contextCustomizers = set[org.springframework.boot.test.context.filter.ExcludeFilterContextCustomizer@421bba99, org.springframework.boot.test.json.DuplicateJsonObjectContextCustomizerFactory$DuplicateJsonObjectContextCustomizer@66ac5762, org.springframework.boot.test.mock.mockito.MockitoContextCustomizer@0, org.springframework.boot.test.web.client.TestRestTemplateContextCustomizer@2250b9f2, org.springframework.boot.test.autoconfigure.properties.PropertyMappingContextCustomizer@0, org.springframework.boot.test.autoconfigure.web.servlet.WebDriverContextCustomizerFactory$Customizer@76884e4b], resourceBasePath = 'src/main/webapp', contextLoader = 'org.springframework.boot.test.context.SpringBootContextLoader', parent = [null]], attributes = map['org.springframework.test.context.web.ServletTestExecutionListener.activateListener' -> false]], class annotated with @DirtiesContext [false] with mode [null].
Starting ChromeDriver 71.0.3578.80 (2ac50e7249fbd55e6f517a28131605c9fb9fe897) on port 18861
Only local connections are allowed.
[1586178013.751][WARNING]: Timed out connecting to Chrome, retrying...
Apr 06, 2020 8:00:15 PM org.openqa.selenium.remote.ProtocolHandshake createSession
INFO: Detected dialect: OSS
20:00:15.947 [main] DEBUG org.springframework.test.context.support.DependencyInjectionTestExecutionListener - Performing dependency injection for test context [[DefaultTestContext@350ec41e testClass = TestwebApplicationTests, testInstance = server.TestwebApplicationTests@5c0f79f0, testMethod = [null], testException = [null], mergedContextConfiguration = [WebMergedContextConfiguration@69637b10 testClass = TestwebApplicationTests, locations = '{}', classes = '{class server.SpringbootWithWebxmlApplication, class server.SpringbootWithWebxmlApplication}', contextInitializerClasses = '[]', activeProfiles = '{test}', propertySourceLocations = '{}', propertySourceProperties = '{org.springframework.boot.test.context.SpringBootTestContextBootstrapper=true}', contextCustomizers = set[org.springframework.boot.test.context.filter.ExcludeFilterContextCustomizer@421bba99, org.springframework.boot.test.json.DuplicateJsonObjectContextCustomizerFactory$DuplicateJsonObjectContextCustomizer@66ac5762, org.springframework.boot.test.mock.mockito.MockitoContextCustomizer@0, org.springframework.boot.test.web.client.TestRestTemplateContextCustomizer@2250b9f2, org.springframework.boot.test.autoconfigure.properties.PropertyMappingContextCustomizer@0, org.springframework.boot.test.autoconfigure.web.servlet.WebDriverContextCustomizerFactory$Customizer@76884e4b], resourceBasePath = 'src/main/webapp', contextLoader = 'org.springframework.boot.test.context.SpringBootContextLoader', parent = [null]], attributes = map['org.springframework.test.context.web.ServletTestExecutionListener.activateListener' -> false]]].
20:00:16.142 [main] DEBUG org.springframework.test.context.support.TestPropertySourceUtils - Adding inlined properties to environment: {spring.jmx.enabled=false, org.springframework.boot.test.context.SpringBootTestContextBootstrapper=true}

  .   ____          _            __ _ _
 /\\ / ___'_ __ _ _(_)_ __  __ _ \ \ \ \
( ( )\___ | '_ | '_| | '_ \/ _` | \ \ \ \
 \\/  ___)| |_)| | | | | || (_| |  ) ) ) )
  '  |____| .__|_| |_|_| |_\__, | / / / /
 =========|_|==============|___/=/_/_/_/
 :: Spring Boot ::        (v2.2.2.RELEASE)

2020-04-06 20:00:17.578  INFO 8128 --- [           main] server.TestwebApplicationTests           : Starting TestwebApplicationTests on THUCNHSE63155 with PID 8128 (started by HP in E:\CN9\FU_Submission_Webservice\submission\PracticalExams\Practical_JavaWeb_SE1402_20200406\Server)
2020-04-06 20:00:17.582  INFO 8128 --- [           main] server.TestwebApplicationTests           : The following profiles are active: test
2020-04-06 20:00:21.327  INFO 8128 --- [           main] o.s.b.w.embedded.tomcat.TomcatWebServer  : Tomcat initialized with port(s): 8080 (http)
2020-04-06 20:00:21.367  INFO 8128 --- [           main] o.apache.catalina.core.StandardService   : Starting service [Tomcat]
2020-04-06 20:00:21.368  INFO 8128 --- [           main] org.apache.catalina.core.StandardEngine  : Starting Servlet engine: [Apache Tomcat/9.0.29]
2020-04-06 20:00:22.396  INFO 8128 --- [           main] org.apache.jasper.servlet.TldScanner     : At least one JAR was scanned for TLDs yet contained no TLDs. Enable debug logging for this logger for a complete list of JARs that were scanned but no TLDs were found in them. Skipping unneeded JARs during scanning can improve startup time and JSP compilation time.
2020-04-06 20:00:22.416  INFO 8128 --- [           main] o.a.c.c.C.[Tomcat].[localhost].[/]       : Initializing Spring embedded WebApplicationContext
2020-04-06 20:00:22.417  INFO 8128 --- [           main] o.s.web.context.ContextLoader            : Root WebApplicationContext: initialization completed in 4713 ms
2020-04-06 20:00:22.993  INFO 8128 --- [           main] server.WebXmlBridge                      : Registered servlet with name [LoginServlet] Class[com.practicalexam.student.khanhkt.controller.LoginServlet] Mappings[[/LoginServlet]]
2020-04-06 20:00:22.997  INFO 8128 --- [           main] server.WebXmlBridge                      : Filters are not supported
2020-04-06 20:00:24.051  INFO 8128 --- [           main] o.s.s.concurrent.ThreadPoolTaskExecutor  : Initializing ExecutorService 'applicationTaskExecutor'
2020-04-06 20:00:24.410  INFO 8128 --- [           main] o.s.b.a.w.s.WelcomePageHandlerMapping    : Adding welcome page: ServletContext resource [/index.html]
2020-04-06 20:00:24.834  WARN 8128 --- [           main] ion$DefaultTemplateResolverConfiguration : Cannot find template location: classpath:/templates/ (please add some templates or check your Thymeleaf configuration)
2020-04-06 20:00:25.311  INFO 8128 --- [           main] o.s.b.w.embedded.tomcat.TomcatWebServer  : Tomcat started on port(s): 8080 (http) with context path ''
2020-04-06 20:00:25.321  INFO 8128 --- [           main] server.TestwebApplicationTests           : Started TestwebApplicationTests in 9.168 seconds (JVM running for 20.033)
create account
2020-04-06 20:00:26.776  INFO 8128 --- [nio-8080-exec-1] o.a.c.c.C.[Tomcat].[localhost].[/]       : Initializing Spring DispatcherServlet 'dispatcherServlet'
2020-04-06 20:00:26.777  INFO 8128 --- [nio-8080-exec-1] o.s.web.servlet.DispatcherServlet        : Initializing Servlet 'dispatcherServlet'
2020-04-06 20:00:26.863  INFO 8128 --- [nio-8080-exec-1] o.s.web.servlet.DispatcherServlet        : Completed initialization in 67 ms
2020-04-06 20:00:33.224  WARN 8128 --- [nio-8080-exec-3] o.a.c.util.SessionIdGeneratorBase        : Creation of SecureRandom instance for session ID generation using [SHA1PRNG] took [873] milliseconds.
Test Successful for test: createNewAccount()
Vô ?ây r?i nha
false
Test Successful for test: testLogin()
Update account
Test Successful for test: searchAccount()
Update account
Test Successful for test: updateAccount()
Update account
Test Successful for test: deleteAccount()
E:\CN9\FU_Submission_Webservice\submission\PracticalExams\Practical_JavaWeb_SE1402_20200406\Server\src\test\java\server
E:\CN9\FU_Submission_Webservice\submission\PracticalExams\Practical_JavaWeb_SE1402_20200406\Server\src\test\java\server
Tests run: 5, Failures: 0, Errors: 0, Skipped: 0, Time elapsed: 31.634 sec - in server.TestwebApplicationTests
2020-04-06 20:00:38.987  INFO 8128 --- [extShutdownHook] o.s.s.concurrent.ThreadPoolTaskExecutor  : Shutting down ExecutorService 'applicationTaskExecutor'

Results :

Tests run: 5, Failures: 0, Errors: 0, Skipped: 0

[INFO] 
[INFO] --- maven-jar-plugin:3.1.2:jar (default-jar) @ springboot-with-webxml ---
[INFO] Building jar: E:\CN9\FU_Submission_Webservice\submission\PracticalExams\Practical_JavaWeb_SE1402_20200406\Server\target\springboot-with-webxml-0.0.1-SNAPSHOT.jar
[INFO] 
[INFO] --- spring-boot-maven-plugin:2.2.2.RELEASE:repackage (repackage) @ springboot-with-webxml ---
[INFO] Replacing main artifact with repackaged archive
[INFO] ------------------------------------------------------------------------
[INFO] BUILD SUCCESS
[INFO] ------------------------------------------------------------------------
[INFO] Total time:  01:17 min
[INFO] Finished at: 2020-04-06T20:00:48+07:00
[INFO] ------------------------------------------------------------------------
