2020-03-24 18:50:21 INFO  SubmissionUtils:58 - [SUBMISSION] - File from student: SE140115
2020-03-24 18:50:21 INFO  EvaluationManager:346 - [EVALUATE] Student code : SE140115
2020-03-24 18:53:50 INFO  SubmissionUtils:58 - [SUBMISSION] - File from student: SE140115
2020-03-24 18:53:50 INFO  EvaluationManager:346 - [EVALUATE] Student code : SE140115
2020-03-24 19:08:44 INFO  SubmissionUtils:58 - [SUBMISSION] - File from student: SE140115
2020-03-24 19:08:45 INFO  EvaluationManager:343 - [EVALUATE] Student code : SE140115
2020-03-24 19:11:03 INFO  SubmissionUtils:58 - [SUBMISSION] - File from student: SE140115
2020-03-24 19:11:03 INFO  EvaluationManager:343 - [EVALUATE] Student code : SE140115
2020-03-24 20:48:53 INFO  SubmissionUtils:58 - [SUBMISSION] - File from student: SE140115
2020-03-24 20:48:54 INFO  EvaluationManager:343 - [EVALUATE] Student code : SE140115
2020-03-24 20:51:31 INFO  SubmissionUtils:58 - [SUBMISSION] - File from student: SE140355
2020-03-24 20:51:31 INFO  EvaluationManager:343 - [EVALUATE] Student code : SE140355
2020-03-24 20:58:04 INFO  SubmissionUtils:58 - [SUBMISSION] - File from student: SE140355
2020-03-24 20:58:04 INFO  EvaluationManager:346 - [EVALUATE] Student code : SE140355
2020-03-24 21:00:47 INFO  SubmissionUtils:58 - [SUBMISSION] - File from student: SE140404
2020-03-24 21:00:47 INFO  EvaluationManager:346 - [EVALUATE] Student code : SE140404
2020-03-24 21:05:11 INFO  SubmissionUtils:58 - [SUBMISSION] - File from student: SE140319
2020-03-24 21:05:11 INFO  EvaluationManager:346 - [EVALUATE] Student code : SE140319
2020-03-24 21:05:11 ERROR EvaluationManager:422 - [EVALUATE-ERROR] Student code : SE140319
2020-03-24 21:05:11 WARN  SubmissionUtils:94 - [DELETE FOLDER] - : Directory does not exist
2020-03-24 21:06:07 INFO  SubmissionUtils:58 - [SUBMISSION] - File from student: SE140319
2020-03-24 21:06:07 INFO  EvaluationManager:346 - [EVALUATE] Student code : SE140319
2020-03-24 21:21:11 INFO  SubmissionUtils:58 - [SUBMISSION] - File from student: SE140115
2020-03-24 21:21:11 INFO  EvaluationManager:346 - [EVALUATE] Student code : SE140115
2020-03-24 21:24:10 INFO  SubmissionUtils:58 - [SUBMISSION] - File from student: SE140355
2020-03-24 21:24:10 INFO  EvaluationManager:346 - [EVALUATE] Student code : SE140355
2020-03-24 21:25:27 INFO  SubmissionUtils:58 - [SUBMISSION] - File from student: SE140404
2020-03-24 21:25:27 INFO  EvaluationManager:346 - [EVALUATE] Student code : SE140404
2020-03-24 21:28:56 INFO  SubmissionUtils:58 - [SUBMISSION] - File from student: SE140319
2020-03-24 21:28:56 INFO  EvaluationManager:346 - [EVALUATE] Student code : SE140319
2020-03-24 23:32:20 INFO  SubmissionUtils:58 - [SUBMISSION] - File from student: SE140115
2020-03-24 23:32:21 INFO  EvaluationManager:346 - [EVALUATE] Student code : SE140115
2020-03-24 23:40:24 INFO  SubmissionUtils:58 - [SUBMISSION] - File from student: SE140115
2020-03-24 23:40:24 INFO  EvaluationManager:346 - [EVALUATE] Student code : SE140115
2020-03-24 23:41:20 INFO  SubmissionUtils:58 - [SUBMISSION] - File from student: SE140355
2020-03-24 23:41:20 INFO  EvaluationManager:346 - [EVALUATE] Student code : SE140355
2020-03-24 23:42:19 INFO  SubmissionUtils:58 - [SUBMISSION] - File from student: SE140404
2020-03-24 23:42:19 INFO  EvaluationManager:346 - [EVALUATE] Student code : SE140404
2020-03-24 23:43:52 INFO  SubmissionUtils:58 - [SUBMISSION] - File from student: SE140319
2020-03-24 23:43:52 INFO  EvaluationManager:346 - [EVALUATE] Student code : SE140319
2020-03-24 23:46:58 INFO  SubmissionUtils:58 - [SUBMISSION] - File from student: SE140111
2020-03-24 23:46:58 INFO  EvaluationManager:346 - [EVALUATE] Student code : SE140111
2020-03-24 23:49:31 INFO  SubmissionUtils:58 - [SUBMISSION] - File from student: SE140111
2020-03-24 23:49:31 INFO  EvaluationManager:346 - [EVALUATE] Student code : SE140111
2020-03-24 23:51:40 INFO  SubmissionUtils:58 - [SUBMISSION] - File from student: SE130293
2020-03-24 23:51:40 INFO  EvaluationManager:346 - [EVALUATE] Student code : SE130293
2020-03-24 23:53:17 INFO  SubmissionUtils:58 - [SUBMISSION] - File from student: SE130297
2020-03-24 23:53:17 INFO  EvaluationManager:346 - [EVALUATE] Student code : SE130297
2020-03-24 23:55:28 INFO  SubmissionUtils:58 - [SUBMISSION] - File from student: SE130622
2020-03-24 23:55:28 INFO  EvaluationManager:346 - [EVALUATE] Student code : SE130622
2020-03-24 23:56:37 INFO  SubmissionUtils:58 - [SUBMISSION] - File from student: SE130641
2020-03-24 23:56:37 INFO  EvaluationManager:346 - [EVALUATE] Student code : SE130641
2020-03-24 23:59:16 INFO  SubmissionUtils:58 - [SUBMISSION] - File from student: SE140017
2020-03-24 23:59:16 INFO  EvaluationManager:346 - [EVALUATE] Student code : SE140017
2020-03-25 00:03:31 INFO  SubmissionUtils:58 - [SUBMISSION] - File from student: SE140045
2020-03-25 00:03:31 INFO  EvaluationManager:346 - [EVALUATE] Student code : SE140045
2020-03-25 00:03:58 INFO  SubmissionUtils:58 - [SUBMISSION] - File from student: SE140056
2020-03-25 00:03:58 INFO  EvaluationManager:346 - [EVALUATE] Student code : SE140056
2020-03-25 00:06:46 INFO  SubmissionUtils:58 - [SUBMISSION] - File from student: SE140131
2020-03-25 00:06:46 INFO  EvaluationManager:346 - [EVALUATE] Student code : SE140131
2020-03-25 00:08:16 INFO  SubmissionUtils:58 - [SUBMISSION] - File from student: SE140138
2020-03-25 00:08:16 INFO  EvaluationManager:346 - [EVALUATE] Student code : SE140138
2020-03-25 00:08:33 INFO  SubmissionUtils:58 - [SUBMISSION] - File from student: SE140159
2020-03-25 00:08:33 INFO  EvaluationManager:346 - [EVALUATE] Student code : SE140159
2020-03-25 00:09:48 INFO  SubmissionUtils:58 - [SUBMISSION] - File from student: SE140270
2020-03-25 00:09:48 INFO  EvaluationManager:346 - [EVALUATE] Student code : SE140270
2020-03-25 00:16:39 INFO  SubmissionUtils:58 - [SUBMISSION] - File from student: SE140289
2020-03-25 00:16:39 INFO  EvaluationManager:346 - [EVALUATE] Student code : SE140289
2020-03-25 00:19:22 INFO  SubmissionUtils:58 - [SUBMISSION] - File from student: SE140348
2020-03-25 00:19:22 INFO  EvaluationManager:346 - [EVALUATE] Student code : SE140348
2020-03-25 00:24:35 INFO  SubmissionUtils:58 - [SUBMISSION] - File from student: SE1401DS
2020-03-25 00:24:35 INFO  EvaluationManager:346 - [EVALUATE] Student code : SE1401DS
2020-03-25 01:31:41 INFO  SubmissionUtils:58 - [SUBMISSION] - File from student: SE140271
2020-03-25 01:31:41 INFO  EvaluationManager:346 - [EVALUATE] Student code : SE140271
2020-03-25 01:31:41 ERROR EvaluationManager:422 - [EVALUATE-ERROR] Student code : SE140271
2020-03-25 01:31:41 WARN  SubmissionUtils:94 - [DELETE FOLDER] - : Directory does not exist
2020-03-25 01:32:48 INFO  SubmissionUtils:58 - [SUBMISSION] - File from student: SE140271
2020-03-25 01:32:48 ERROR SubmissionUtils:78 - [SUBMISSION-ERROR] - File from student : E:\CN9\FU_Submission_Webservice\submission\PracticalExams\Practical_JavaWeb_SE1269_20200321\Submissions\SE140271_WEB.zip: The process cannot access the file because it is being used by another process.

2020-03-25 01:33:42 INFO  SubmissionUtils:58 - [SUBMISSION] - File from student: SE140271
2020-03-25 01:33:42 INFO  EvaluationManager:346 - [EVALUATE] Student code : SE140271
2020-03-25 01:33:42 ERROR EvaluationManager:422 - [EVALUATE-ERROR] Student code : SE140271
2020-03-25 01:33:42 WARN  SubmissionUtils:94 - [DELETE FOLDER] - : Directory does not exist
2020-03-26 15:08:18 INFO  SubmissionUtils:58 - [SUBMISSION] - File from student: SE1402
2020-03-26 15:08:18 INFO  EvaluationManager:346 - [EVALUATE] Student code : SE1402
2020-03-26 15:12:16 INFO  SubmissionUtils:58 - [SUBMISSION] - File from student: SE1402
2020-03-26 15:12:16 INFO  EvaluationManager:346 - [EVALUATE] Student code : SE1402
2020-03-26 15:15:25 INFO  SubmissionUtils:58 - [SUBMISSION] - File from student: SE1402
2020-03-26 15:15:25 INFO  EvaluationManager:346 - [EVALUATE] Student code : SE1402
2020-03-26 15:24:07 INFO  SubmissionUtils:58 - [SUBMISSION] - File from student: SE1402
2020-03-26 15:24:07 INFO  EvaluationManager:346 - [EVALUATE] Student code : SE1402
2020-03-26 15:31:38 INFO  SubmissionUtils:58 - [SUBMISSION] - File from student: SE1402
2020-03-26 15:31:38 INFO  EvaluationManager:346 - [EVALUATE] Student code : SE1402
2020-03-26 15:35:01 INFO  SubmissionUtils:58 - [SUBMISSION] - File from student: SE1402
2020-03-26 15:35:01 INFO  EvaluationManager:346 - [EVALUATE] Student code : SE1402
2020-03-26 15:47:48 INFO  SubmissionUtils:58 - [SUBMISSION] - File from student: SE1402
2020-03-26 15:47:49 INFO  EvaluationManager:346 - [EVALUATE] Student code : SE1402
2020-03-26 15:52:00 INFO  SubmissionUtils:58 - [SUBMISSION] - File from student: SE1402
2020-03-26 15:52:00 INFO  EvaluationManager:346 - [EVALUATE] Student code : SE1402
2020-03-26 16:00:17 INFO  SubmissionUtils:58 - [SUBMISSION] - File from student: SE1402
2020-03-26 16:00:17 INFO  EvaluationManager:346 - [EVALUATE] Student code : SE1402
2020-03-26 16:03:47 INFO  SubmissionUtils:58 - [SUBMISSION] - File from student: SE1402
2020-03-26 16:03:47 INFO  EvaluationManager:346 - [EVALUATE] Student code : SE1402
2020-03-26 16:07:38 INFO  SubmissionUtils:58 - [SUBMISSION] - File from student: SE1402
2020-03-26 16:07:38 ERROR SubmissionUtils:110 - [EVALUATE] Waiting - : SE1402
2020-03-26 16:08:44 INFO  SubmissionUtils:58 - [SUBMISSION] - File from student: SE1402
2020-03-26 16:08:45 INFO  EvaluationManager:346 - [EVALUATE] Student code : SE1402
2020-03-26 17:51:59 INFO  SubmissionUtils:58 - [SUBMISSION] - File from student: SE1402
2020-03-26 17:51:59 INFO  EvaluationManager:352 - [EVALUATE] Student code : SE1402
2020-03-26 17:55:34 INFO  SubmissionUtils:58 - [SUBMISSION] - File from student: SE1402
2020-03-26 17:55:34 INFO  EvaluationManager:352 - [EVALUATE] Student code : SE1402
2020-03-26 20:32:00 INFO  SubmissionUtils:58 - [SUBMISSION] - File from student: SE1402
2020-03-26 20:32:00 INFO  EvaluationManager:352 - [EVALUATE] Student code : SE1402
2020-03-26 20:32:00 ERROR EvaluationManager:422 - [EVALUATE-ERROR] Student code : SE1402
2020-03-26 20:32:00 WARN  SubmissionUtils:94 - [DELETE FOLDER] - : Directory does not exist
2020-03-26 20:32:00 WARN  SubmissionUtils:94 - [DELETE FOLDER] - : Directory does not exist
2020-03-26 20:33:46 INFO  SubmissionUtils:58 - [SUBMISSION] - File from student: SE1402
2020-03-26 20:33:46 INFO  EvaluationManager:352 - [EVALUATE] Student code : SE1402
2020-03-26 21:17:50 INFO  SubmissionUtils:58 - [SUBMISSION] - File from student: SE1402
2020-03-26 21:17:50 INFO  EvaluationManager:352 - [EVALUATE] Student code : SE1402
2020-03-26 21:26:31 INFO  SubmissionUtils:58 - [SUBMISSION] - File from student: SE1402
2020-03-26 21:26:32 INFO  EvaluationManager:352 - [EVALUATE] Student code : SE1402
2020-03-26 21:31:07 INFO  SubmissionUtils:58 - [SUBMISSION] - File from student: SE1402
2020-03-26 21:31:07 INFO  EvaluationManager:352 - [EVALUATE] Student code : SE1402
2020-03-26 21:33:19 INFO  SubmissionUtils:58 - [SUBMISSION] - File from student: SE1402
2020-03-26 21:33:19 INFO  EvaluationManager:352 - [EVALUATE] Student code : SE1402
2020-03-26 22:17:36 INFO  SubmissionUtils:58 - [SUBMISSION] - File from student: SE130161
2020-03-26 22:17:36 INFO  EvaluationManager:352 - [EVALUATE] Student code : SE130161
2020-03-26 22:20:39 INFO  SubmissionUtils:58 - [SUBMISSION] - File from student: SE130161
2020-03-26 22:20:39 INFO  EvaluationManager:352 - [EVALUATE] Student code : SE130161
2020-03-26 22:24:13 INFO  SubmissionUtils:58 - [SUBMISSION] - File from student: SE130488
2020-03-26 22:24:13 INFO  EvaluationManager:352 - [EVALUATE] Student code : SE130488
2020-03-26 22:26:50 INFO  SubmissionUtils:58 - [SUBMISSION] - File from student: SE130488
2020-03-26 22:26:50 INFO  EvaluationManager:352 - [EVALUATE] Student code : SE130488
2020-03-26 22:30:34 INFO  SubmissionUtils:58 - [SUBMISSION] - File from student: SE130203
2020-03-26 22:30:34 INFO  EvaluationManager:352 - [EVALUATE] Student code : SE130203
2020-03-26 22:34:03 INFO  SubmissionUtils:58 - [SUBMISSION] - File from student: SE130688
2020-03-26 22:34:03 INFO  EvaluationManager:352 - [EVALUATE] Student code : SE130688
2020-03-26 22:38:00 INFO  SubmissionUtils:58 - [SUBMISSION] - File from student: SE130447
2020-03-26 22:38:00 INFO  EvaluationManager:352 - [EVALUATE] Student code : SE130447
2020-03-26 22:42:02 INFO  SubmissionUtils:58 - [SUBMISSION] - File from student: SE130447
2020-03-26 22:42:02 INFO  EvaluationManager:352 - [EVALUATE] Student code : SE130447
2020-03-26 22:46:21 INFO  SubmissionUtils:58 - [SUBMISSION] - File from student: SE130447
2020-03-26 22:46:21 INFO  EvaluationManager:352 - [EVALUATE] Student code : SE130447
2020-03-26 22:48:25 INFO  SubmissionUtils:58 - [SUBMISSION] - File from student: SE130623
2020-03-26 22:48:25 INFO  EvaluationManager:352 - [EVALUATE] Student code : SE130623
2020-03-26 22:51:54 INFO  SubmissionUtils:58 - [SUBMISSION] - File from student: SE130447
2020-03-26 22:51:54 INFO  EvaluationManager:352 - [EVALUATE] Student code : SE130447
2020-03-26 22:57:54 INFO  SubmissionUtils:58 - [SUBMISSION] - File from student: SE130447
2020-03-26 22:57:54 INFO  EvaluationManager:352 - [EVALUATE] Student code : SE130447
2020-03-26 23:13:42 INFO  SubmissionUtils:58 - [SUBMISSION] - File from student: SE130447
2020-03-26 23:13:42 INFO  EvaluationManager:352 - [EVALUATE] Student code : SE130447
2020-03-26 23:28:03 INFO  SubmissionUtils:58 - [SUBMISSION] - File from student: SE130447
2020-03-26 23:28:03 INFO  EvaluationManager:352 - [EVALUATE] Student code : SE130447
2020-03-27 01:31:35 INFO  SubmissionUtils:58 - [SUBMISSION] - File from student: SE130447
2020-03-27 01:31:35 INFO  EvaluationManager:352 - [EVALUATE] Student code : SE130447
2020-03-27 01:53:54 INFO  SubmissionUtils:58 - [SUBMISSION] - File from student: SE130447
2020-03-27 01:53:54 INFO  EvaluationManager:352 - [EVALUATE] Student code : SE130447
2020-03-27 01:56:08 INFO  SubmissionUtils:58 - [SUBMISSION] - File from student: SE130447
2020-03-27 01:56:08 INFO  EvaluationManager:352 - [EVALUATE] Student code : SE130447
2020-03-27 02:01:30 INFO  SubmissionUtils:58 - [SUBMISSION] - File from student: SE130688
2020-03-27 02:01:30 INFO  EvaluationManager:352 - [EVALUATE] Student code : SE130688
2020-03-27 02:14:11 INFO  SubmissionUtils:58 - [SUBMISSION] - File from student: SE130447
2020-03-27 02:14:11 INFO  EvaluationManager:352 - [EVALUATE] Student code : SE130447
2020-03-27 02:18:27 INFO  SubmissionUtils:58 - [SUBMISSION] - File from student: SE130447
2020-03-27 02:18:27 INFO  EvaluationManager:353 - [EVALUATE] Student code : SE130447
2020-03-27 02:23:45 INFO  SubmissionUtils:58 - [SUBMISSION] - File from student: SE130447
2020-03-27 02:23:45 INFO  EvaluationManager:353 - [EVALUATE] Student code : SE130447
2020-03-27 02:25:26 INFO  SubmissionUtils:58 - [SUBMISSION] - File from student: SE130488
2020-03-27 02:25:27 INFO  EvaluationManager:353 - [EVALUATE] Student code : SE130488
2020-03-27 02:27:57 INFO  SubmissionUtils:58 - [SUBMISSION] - File from student: SE130623
2020-03-27 02:27:57 INFO  EvaluationManager:353 - [EVALUATE] Student code : SE130623
2020-03-27 02:30:23 INFO  SubmissionUtils:58 - [SUBMISSION] - File from student: SE140846
2020-03-27 02:30:23 INFO  EvaluationManager:353 - [EVALUATE] Student code : SE140846
2020-03-27 02:31:21 INFO  SubmissionUtils:58 - [SUBMISSION] - File from student: SE130386
2020-03-27 02:31:21 INFO  EvaluationManager:353 - [EVALUATE] Student code : SE130386
2020-03-27 02:32:49 INFO  SubmissionUtils:58 - [SUBMISSION] - File from student: SE130326
2020-03-27 02:32:49 INFO  EvaluationManager:353 - [EVALUATE] Student code : SE130326
2020-04-05 22:21:10 INFO  SubmissionUtils:61 - [SUBMISSION] - File from student: SE62882
2020-04-05 22:21:10 ERROR SubmissionUtils:82 - [SUBMISSION-ERROR] - File from student : Type definition error: [simple type, class java.io.FileDescriptor]; nested exception is com.fasterxml.jackson.databind.exc.InvalidDefinitionException: No serializer found for class java.io.FileDescriptor and no properties discovered to create BeanSerializer (to avoid exception, disable SerializationFeature.FAIL_ON_EMPTY_BEANS) (through reference chain: com.fpt.submission.dto.request.UploadFileDto["file"]->org.springframework.web.multipart.support.StandardMultipartHttpServletRequest$StandardMultipartFile["inputStream"]->java.io.FileInputStream["fd"])
2020-04-05 22:25:45 INFO  SubmissionUtils:61 - [SUBMISSION] - File from student: SE62882
2020-04-05 22:25:45 ERROR SubmissionUtils:82 - [SUBMISSION-ERROR] - File from student : Type definition error: [simple type, class java.io.FileDescriptor]; nested exception is com.fasterxml.jackson.databind.exc.InvalidDefinitionException: No serializer found for class java.io.FileDescriptor and no properties discovered to create BeanSerializer (to avoid exception, disable SerializationFeature.FAIL_ON_EMPTY_BEANS) (through reference chain: com.fpt.submission.dto.request.UploadFileDto["file"]->org.springframework.web.multipart.support.StandardMultipartHttpServletRequest$StandardMultipartFile["inputStream"]->java.io.FileInputStream["fd"])
2020-04-05 22:29:10 INFO  SubmissionUtils:61 - [SUBMISSION] - File from student: SE62882
2020-04-05 22:29:34 INFO  EvaluationManager:351 - [EVALUATE] Student code : SE62882
2020-04-05 22:36:55 INFO  SubmissionUtils:61 - [SUBMISSION] - File from student: SE62882
2020-04-05 22:36:59 INFO  EvaluationManager:351 - [EVALUATE] Student code : SE62882
2020-04-05 22:42:41 INFO  SubmissionUtils:61 - [SUBMISSION] - File from student: SE63155
2020-04-05 22:42:41 INFO  EvaluationManager:351 - [EVALUATE] Student code : SE63155
2020-04-05 22:43:56 INFO  SubmissionUtils:61 - [SUBMISSION] - File from student: SE63155
2020-04-05 22:43:56 INFO  EvaluationManager:351 - [EVALUATE] Student code : SE63155
2020-04-05 22:44:50 INFO  SubmissionUtils:61 - [SUBMISSION] - File from student: SE63155
2020-04-05 22:44:50 INFO  EvaluationManager:351 - [EVALUATE] Student code : SE63155
2020-04-05 22:46:33 INFO  SubmissionUtils:61 - [SUBMISSION] - File from student: SE63155
2020-04-05 22:46:33 INFO  EvaluationManager:351 - [EVALUATE] Student code : SE63155
2020-04-05 22:57:02 INFO  SubmissionUtils:61 - [SUBMISSION] - File from student: SE63155
2020-04-05 22:57:02 INFO  EvaluationManager:351 - [EVALUATE] Student code : SE63155
2020-04-05 22:59:20 INFO  SubmissionUtils:61 - [SUBMISSION] - File from student: SE63155
2020-04-05 22:59:20 INFO  EvaluationManager:351 - [EVALUATE] Student code : SE63155
2020-04-05 23:02:03 INFO  SubmissionUtils:61 - [SUBMISSION] - File from student: SE63155
2020-04-05 23:02:04 INFO  EvaluationManager:351 - [EVALUATE] Student code : SE63155
2020-04-06 00:38:44 INFO  SubmissionUtils:64 - [SUBMISSION] - File from student: SE63155
2020-04-06 00:38:44 ERROR SubmissionUtils:85 - [SUBMISSION-ERROR] - File from student : Type definition error: [simple type, class java.io.FileDescriptor]; nested exception is com.fasterxml.jackson.databind.exc.InvalidDefinitionException: No serializer found for class java.io.FileDescriptor and no properties discovered to create BeanSerializer (to avoid exception, disable SerializationFeature.FAIL_ON_EMPTY_BEANS) (through reference chain: org.springframework.web.multipart.support.StandardMultipartHttpServletRequest$StandardMultipartFile["inputStream"]->java.io.FileInputStream["fd"])
2020-04-06 00:39:24 INFO  SubmissionUtils:64 - [SUBMISSION] - File from student: SE63155
2020-04-06 00:39:24 ERROR SubmissionUtils:85 - [SUBMISSION-ERROR] - File from student : Type definition error: [simple type, class java.io.FileDescriptor]; nested exception is com.fasterxml.jackson.databind.exc.InvalidDefinitionException: No serializer found for class java.io.FileDescriptor and no properties discovered to create BeanSerializer (to avoid exception, disable SerializationFeature.FAIL_ON_EMPTY_BEANS) (through reference chain: org.springframework.web.multipart.support.StandardMultipartHttpServletRequest$StandardMultipartFile["inputStream"]->java.io.FileInputStream["fd"])
2020-04-06 00:39:56 INFO  SubmissionUtils:64 - [SUBMISSION] - File from student: SE63155
2020-04-06 00:39:56 ERROR SubmissionUtils:85 - [SUBMISSION-ERROR] - File from student : Type definition error: [simple type, class java.io.FileDescriptor]; nested exception is com.fasterxml.jackson.databind.exc.InvalidDefinitionException: No serializer found for class java.io.FileDescriptor and no properties discovered to create BeanSerializer (to avoid exception, disable SerializationFeature.FAIL_ON_EMPTY_BEANS) (through reference chain: org.springframework.web.multipart.support.StandardMultipartHttpServletRequest$StandardMultipartFile["inputStream"]->java.io.FileInputStream["fd"])
2020-04-06 00:40:05 INFO  SubmissionUtils:64 - [SUBMISSION] - File from student: SE63155
2020-04-06 00:40:23 ERROR SubmissionUtils:85 - [SUBMISSION-ERROR] - File from student : Type definition error: [simple type, class java.io.FileDescriptor]; nested exception is com.fasterxml.jackson.databind.exc.InvalidDefinitionException: No serializer found for class java.io.FileDescriptor and no properties discovered to create BeanSerializer (to avoid exception, disable SerializationFeature.FAIL_ON_EMPTY_BEANS) (through reference chain: org.springframework.web.multipart.support.StandardMultipartHttpServletRequest$StandardMultipartFile["inputStream"]->java.io.FileInputStream["fd"])
2020-04-06 00:48:47 INFO  SubmissionUtils:65 - [SUBMISSION] - File from student: SE63155
2020-04-06 00:49:02 ERROR SubmissionUtils:86 - [SUBMISSION-ERROR] - File from student : Error while extracting response for type [class java.lang.Object] and content type [application/xml;charset=UTF-8]; nested exception is org.springframework.http.converter.HttpMessageNotReadableException: JSON parse error: Unexpected character 'S' (code 83) in prolog; expected '<'
 at [row,col {unknown-source}]: [1,1]; nested exception is com.fasterxml.jackson.core.JsonParseException: Unexpected character 'S' (code 83) in prolog; expected '<'
 at [row,col {unknown-source}]: [1,1]
2020-04-06 00:50:24 INFO  SubmissionUtils:65 - [SUBMISSION] - File from student: SE63155
2020-04-06 00:50:25 INFO  EvaluationManager:351 - [EVALUATE] Student code : SE63155
2020-04-06 00:51:49 INFO  SubmissionUtils:65 - [SUBMISSION] - File from student: SE63155
2020-04-06 00:51:49 INFO  EvaluationManager:351 - [EVALUATE] Student code : SE63155
2020-04-06 09:28:32 INFO  SubmissionUtils:65 - [SUBMISSION] - File from student: SE63146
2020-04-06 09:28:33 INFO  EvaluationManager:351 - [EVALUATE] Student code : SE63146
2020-04-06 09:58:49 INFO  SubmissionUtils:65 - [SUBMISSION] - File from student: SE62847
2020-04-06 09:58:49 INFO  EvaluationManager:351 - [EVALUATE] Student code : SE62847
2020-04-06 17:43:54 INFO  SubmissionUtils:65 - [SUBMISSION] - File from student: SE63155
2020-04-06 17:43:57 ERROR SubmissionUtils:86 - [SUBMISSION-ERROR] - File from student : I/O error on POST request for "http://localhost:2021/api/practical-exam/submission": Connection refused: connect; nested exception is java.net.ConnectException: Connection refused: connect
2020-04-06 17:44:56 INFO  SubmissionUtils:65 - [SUBMISSION] - File from student: SE63155
2020-04-06 17:44:56 INFO  EvaluationManager:351 - [EVALUATE] Student code : SE63155
2020-04-06 18:25:07 INFO  SubmissionUtils:65 - [SUBMISSION] - File from student: SE63155
2020-04-06 18:25:08 INFO  EvaluationManager:351 - [EVALUATE] Student code : SE63155
2020-04-06 19:59:26 INFO  SubmissionUtils:65 - [SUBMISSION] - File from student: SE63146
2020-04-06 19:59:26 INFO  EvaluationManager:351 - [EVALUATE] Student code : SE63146
2020-04-07 15:43:36 INFO  SubmissionUtils:62 - [SUBMISSION] - File from student: SE63155
2020-04-07 15:43:38 ERROR SubmissionUtils:83 - [SUBMISSION-ERROR] - File from student : I/O error on POST request for "http://localhost:2021/api/practical-exam/submission": Connection refused: connect; nested exception is java.net.ConnectException: Connection refused: connect
2020-04-07 15:44:44 INFO  SubmissionUtils:62 - [SUBMISSION] - File from student: SE63155
2020-04-07 15:44:44 INFO  EvaluationManager:284 - [EVALUATE] Student code : SE63155
2020-04-07 15:50:03 INFO  SubmissionUtils:62 - [SUBMISSION] - File from student: SE63155
2020-04-07 15:50:03 INFO  EvaluationManager:284 - [EVALUATE] Student code : SE63155
2020-04-07 15:52:26 INFO  SubmissionUtils:62 - [SUBMISSION] - File from student: SE63155
2020-04-07 15:52:26 INFO  EvaluationManager:284 - [EVALUATE] Student code : SE63155
2020-04-07 15:57:24 INFO  SubmissionUtils:62 - [SUBMISSION] - File from student: SE63155
2020-04-07 15:57:24 INFO  EvaluationManager:284 - [EVALUATE] Student code : SE63155
2020-04-07 15:58:37 INFO  SubmissionUtils:62 - [SUBMISSION] - File from student: SE63155
2020-04-07 15:58:37 INFO  EvaluationManager:284 - [EVALUATE] Student code : SE63155
2020-04-07 16:07:17 INFO  SubmissionUtils:62 - [SUBMISSION] - File from student: SE63155
2020-04-07 16:07:17 INFO  EvaluationManager:284 - [EVALUATE] Student code : SE63155
2020-04-07 16:09:21 INFO  SubmissionUtils:62 - [SUBMISSION] - File from student: SE63155
2020-04-07 16:09:21 INFO  EvaluationManager:284 - [EVALUATE] Student code : SE63155
2020-04-07 16:11:13 INFO  SubmissionUtils:62 - [SUBMISSION] - File from student: SE63155
2020-04-07 16:11:13 INFO  EvaluationManager:284 - [EVALUATE] Student code : SE63155
2020-04-07 16:13:39 INFO  SubmissionUtils:62 - [SUBMISSION] - File from student: SE63155
2020-04-07 16:13:39 INFO  EvaluationManager:284 - [EVALUATE] Student code : SE63155
2020-04-07 16:15:35 INFO  SubmissionUtils:62 - [SUBMISSION] - File from student: SE63155
2020-04-07 16:15:35 INFO  EvaluationManager:284 - [EVALUATE] Student code : SE63155
2020-04-07 16:17:14 INFO  SubmissionUtils:62 - [SUBMISSION] - File from student: SE63155
2020-04-07 16:17:14 INFO  EvaluationManager:284 - [EVALUATE] Student code : SE63155
2020-04-07 16:27:26 INFO  SubmissionUtils:62 - [SUBMISSION] - File from student: SE63155
2020-04-07 16:27:26 INFO  EvaluationManager:284 - [EVALUATE] Student code : SE63155
2020-04-07 16:29:49 INFO  SubmissionUtils:62 - [SUBMISSION] - File from student: SE63155
2020-04-07 16:29:49 INFO  EvaluationManager:284 - [EVALUATE] Student code : SE63155
2020-04-07 16:34:04 INFO  SubmissionUtils:62 - [SUBMISSION] - File from student: SE63155
2020-04-07 16:34:04 INFO  EvaluationManager:284 - [EVALUATE] Student code : SE63155
2020-04-07 16:35:41 INFO  SubmissionUtils:62 - [SUBMISSION] - File from student: SE63155
2020-04-07 16:35:41 INFO  EvaluationManager:284 - [EVALUATE] Student code : SE63155
2020-04-07 16:36:05 INFO  SubmissionUtils:62 - [SUBMISSION] - File from student: SE63155
2020-04-07 16:36:05 INFO  EvaluationManager:284 - [EVALUATE] Student code : SE63155
2020-04-07 16:36:05 ERROR EvaluationManager:350 - [EVALUATE-ERROR] Student code : SE63155
2020-04-07 16:36:17 INFO  SubmissionUtils:62 - [SUBMISSION] - File from student: SE63155
2020-04-07 16:36:17 INFO  EvaluationManager:284 - [EVALUATE] Student code : SE63155
2020-04-07 16:37:55 INFO  SubmissionUtils:62 - [SUBMISSION] - File from student: SE63155
2020-04-07 16:37:55 INFO  EvaluationManager:284 - [EVALUATE] Student code : SE63155
2020-04-07 16:39:18 INFO  SubmissionUtils:62 - [SUBMISSION] - File from student: SE63155
2020-04-07 16:39:18 INFO  EvaluationManager:284 - [EVALUATE] Student code : SE63155
2020-04-07 16:40:38 INFO  SubmissionUtils:62 - [SUBMISSION] - File from student: SE63155
2020-04-07 16:40:38 INFO  EvaluationManager:284 - [EVALUATE] Student code : SE63155
2020-04-07 16:42:10 INFO  SubmissionUtils:62 - [SUBMISSION] - File from student: SE63155
2020-04-07 16:42:10 INFO  EvaluationManager:284 - [EVALUATE] Student code : SE63155
2020-04-07 16:45:10 INFO  SubmissionUtils:62 - [SUBMISSION] - File from student: SE63155
2020-04-07 16:45:10 INFO  EvaluationManager:284 - [EVALUATE] Student code : SE63155
2020-04-07 17:14:53 INFO  SubmissionUtils:62 - [SUBMISSION] - File from student: SE63155
2020-04-07 17:14:54 INFO  EvaluationManager:284 - [EVALUATE] Student code : SE63155
2020-04-07 17:24:52 INFO  SubmissionUtils:62 - [SUBMISSION] - File from student: SE63155
2020-04-07 17:24:52 INFO  EvaluationManager:284 - [EVALUATE] Student code : SE63155
2020-04-07 17:28:06 INFO  SubmissionUtils:62 - [SUBMISSION] - File from student: SE63155
2020-04-07 17:28:07 INFO  EvaluationManager:284 - [EVALUATE] Student code : SE63155
2020-04-07 17:28:07 ERROR EvaluationManager:351 - [EVALUATE-ERROR] Student code : SE63155
2020-04-07 17:31:19 INFO  SubmissionUtils:62 - [SUBMISSION] - File from student: SE63155
2020-04-07 17:31:19 INFO  EvaluationManager:284 - [EVALUATE] Student code : SE63155
2020-04-07 18:09:28 INFO  SubmissionUtils:62 - [SUBMISSION] - File from student: SE63155
2020-04-07 18:09:28 INFO  EvaluationManager:284 - [EVALUATE] Student code : SE63155
2020-04-10 20:28:24 INFO  SubmissionUtils:62 - [SUBMISSION] - File from student: SE63156
2020-04-10 20:28:24 INFO  EvaluationManager:284 - [EVALUATE] Student code : SE63156
2020-04-10 20:32:18 INFO  SubmissionUtils:62 - [SUBMISSION] - File from student: SE63156
2020-04-10 20:32:18 INFO  EvaluationManager:284 - [EVALUATE] Student code : SE63156
2020-04-10 20:36:07 INFO  SubmissionUtils:62 - [SUBMISSION] - File from student: SE63156
2020-04-10 20:36:07 INFO  EvaluationManager:284 - [EVALUATE] Student code : SE63156
2020-04-10 20:46:33 INFO  SubmissionUtils:62 - [SUBMISSION] - File from student: SE63156
2020-04-10 20:46:33 INFO  EvaluationManager:284 - [EVALUATE] Student code : SE63156
2020-04-10 20:52:57 INFO  SubmissionUtils:62 - [SUBMISSION] - File from student: SE1140043
2020-04-10 20:52:57 INFO  EvaluationManager:284 - [EVALUATE] Student code : SE1140043
2020-04-10 20:56:15 INFO  SubmissionUtils:62 - [SUBMISSION] - File from student: SE1140043
2020-04-10 20:56:15 INFO  EvaluationManager:284 - [EVALUATE] Student code : SE1140043
2020-04-10 20:59:04 INFO  SubmissionUtils:62 - [SUBMISSION] - File from student: SE1140043
2020-04-10 20:59:04 INFO  EvaluationManager:284 - [EVALUATE] Student code : SE1140043
2020-04-10 21:02:28 INFO  SubmissionUtils:62 - [SUBMISSION] - File from student: SE1140043
2020-04-10 21:02:28 INFO  EvaluationManager:284 - [EVALUATE] Student code : SE1140043
2020-04-10 21:08:54 INFO  SubmissionUtils:62 - [SUBMISSION] - File from student: SE1140043
2020-04-10 21:08:54 INFO  EvaluationManager:284 - [EVALUATE] Student code : SE1140043
2020-04-10 21:16:09 INFO  SubmissionUtils:62 - [SUBMISSION] - File from student: SE140302
2020-04-10 21:16:09 INFO  EvaluationManager:284 - [EVALUATE] Student code : SE140302
2020-04-10 21:27:25 INFO  SubmissionUtils:62 - [SUBMISSION] - File from student: SE140302
2020-04-10 21:27:25 INFO  EvaluationManager:284 - [EVALUATE] Student code : SE140302
2020-04-10 21:32:42 INFO  SubmissionUtils:62 - [SUBMISSION] - File from student: SE140326
2020-04-10 21:32:42 INFO  EvaluationManager:284 - [EVALUATE] Student code : SE140326
2020-04-10 21:36:50 INFO  SubmissionUtils:62 - [SUBMISSION] - File from student: SE12345
2020-04-10 21:36:50 INFO  EvaluationManager:284 - [EVALUATE] Student code : SE12345
2020-04-10 21:38:29 INFO  SubmissionUtils:62 - [SUBMISSION] - File from student: SE12345
2020-04-10 21:38:29 INFO  EvaluationManager:284 - [EVALUATE] Student code : SE12345
2020-04-10 21:40:46 INFO  SubmissionUtils:62 - [SUBMISSION] - File from student: SE12345
2020-04-10 21:40:46 INFO  EvaluationManager:284 - [EVALUATE] Student code : SE12345
2020-04-10 21:50:45 INFO  SubmissionUtils:62 - [SUBMISSION] - File from student: SE140458
2020-04-10 21:50:45 INFO  EvaluationManager:284 - [EVALUATE] Student code : SE140458
2020-04-10 21:54:21 INFO  SubmissionUtils:62 - [SUBMISSION] - File from student: SE140458
2020-04-10 21:54:21 INFO  EvaluationManager:284 - [EVALUATE] Student code : SE140458
2020-04-10 21:56:01 INFO  SubmissionUtils:62 - [SUBMISSION] - File from student: SE140458
2020-04-10 21:56:01 INFO  EvaluationManager:284 - [EVALUATE] Student code : SE140458
2020-04-10 21:56:25 INFO  SubmissionUtils:62 - [SUBMISSION] - File from student: SE140458
2020-04-10 21:56:25 INFO  EvaluationManager:284 - [EVALUATE] Student code : SE140458
2020-04-10 21:58:10 INFO  SubmissionUtils:62 - [SUBMISSION] - File from student: SE140458
2020-04-10 21:58:10 INFO  EvaluationManager:284 - [EVALUATE] Student code : SE140458
2020-04-10 21:59:21 INFO  SubmissionUtils:62 - [SUBMISSION] - File from student: SE140458
2020-04-10 21:59:21 INFO  EvaluationManager:284 - [EVALUATE] Student code : SE140458
2020-04-10 22:03:09 INFO  SubmissionUtils:62 - [SUBMISSION] - File from student: SE140458
2020-04-10 22:03:09 ERROR SubmissionUtils:114 - [EVALUATE] Waiting - : SE140458
2020-04-10 22:03:38 INFO  SubmissionUtils:62 - [SUBMISSION] - File from student: SE140458
2020-04-10 22:03:38 INFO  EvaluationManager:284 - [EVALUATE] Student code : SE140458
2020-04-10 22:05:58 INFO  SubmissionUtils:62 - [SUBMISSION] - File from student: SE140458
2020-04-10 22:05:59 INFO  EvaluationManager:284 - [EVALUATE] Student code : SE140458
2020-04-10 22:09:04 INFO  SubmissionUtils:62 - [SUBMISSION] - File from student: SE140458
2020-04-10 22:09:04 INFO  EvaluationManager:284 - [EVALUATE] Student code : SE140458
2020-04-10 22:13:24 INFO  SubmissionUtils:62 - [SUBMISSION] - File from student: SE140458
2020-04-10 22:13:24 ERROR SubmissionUtils:85 - [SUBMISSION-ERROR] - File from student : E:\CN9\FU_Submission_Webservice\submission\PracticalExams\Practical_Java_SE1402_20200407\Submissions
2020-04-10 22:13:30 INFO  SubmissionUtils:62 - [SUBMISSION] - File from student: SE140458
2020-04-10 22:13:30 INFO  EvaluationManager:284 - [EVALUATE] Student code : SE140458
2020-04-10 22:15:49 INFO  SubmissionUtils:62 - [SUBMISSION] - File from student: SE140458
2020-04-10 22:15:49 INFO  EvaluationManager:284 - [EVALUATE] Student code : SE140458
2020-04-12 14:28:16 INFO  SubmissionUtils:62 - [SUBMISSION] - File from student: SE63156
2020-04-12 14:28:16 INFO  EvaluationManager:284 - [EVALUATE] Student code : SE63156
2020-04-12 14:29:33 INFO  SubmissionUtils:62 - [SUBMISSION] - File from student: SE63156
2020-04-12 14:29:33 INFO  EvaluationManager:284 - [EVALUATE] Student code : SE63156
2020-04-12 14:38:06 INFO  SubmissionUtils:62 - [SUBMISSION] - File from student: SE63156
2020-04-12 14:38:06 INFO  EvaluationManager:284 - [EVALUATE] Student code : SE63156
2020-04-12 14:56:20 INFO  SubmissionUtils:62 - [SUBMISSION] - File from student: SE130308
2020-04-12 14:56:20 INFO  EvaluationManager:284 - [EVALUATE] Student code : SE130308
2020-04-12 14:56:20 ERROR EvaluationManager:354 - [EVALUATE-ERROR] Student code : SE130308
2020-04-12 14:56:20 WARN  SubmissionUtils:132 - [DELETE FOLDER] - : Directory does not exist
2020-04-12 15:01:04 INFO  SubmissionUtils:62 - [SUBMISSION] - File from student: SE130308
2020-04-12 15:07:11 INFO  SubmissionUtils:62 - [SUBMISSION] - File from student: SE130308
2020-04-12 15:07:11 INFO  EvaluationManager:284 - [EVALUATE] Student code : SE130308
2020-04-12 15:09:31 INFO  SubmissionUtils:62 - [SUBMISSION] - File from student: SE130308
2020-04-12 15:09:31 INFO  EvaluationManager:284 - [EVALUATE] Student code : SE130308
2020-04-12 15:11:46 INFO  SubmissionUtils:62 - [SUBMISSION] - File from student: SE130308
2020-04-12 15:11:46 INFO  EvaluationManager:284 - [EVALUATE] Student code : SE130308
2020-04-12 15:15:09 INFO  SubmissionUtils:62 - [SUBMISSION] - File from student: SE130308
2020-04-12 15:15:10 INFO  EvaluationManager:284 - [EVALUATE] Student code : SE130308
2020-04-12 15:21:56 INFO  SubmissionUtils:62 - [SUBMISSION] - File from student: SE140043
2020-04-12 15:21:56 INFO  EvaluationManager:284 - [EVALUATE] Student code : SE140043
2020-04-12 15:23:37 INFO  SubmissionUtils:62 - [SUBMISSION] - File from student: SE140043
2020-04-12 15:23:38 INFO  EvaluationManager:284 - [EVALUATE] Student code : SE140043
2020-04-12 15:27:14 INFO  SubmissionUtils:62 - [SUBMISSION] - File from student: SE140326
2020-04-12 15:27:15 INFO  EvaluationManager:284 - [EVALUATE] Student code : SE140326
2020-04-12 15:29:44 INFO  SubmissionUtils:62 - [SUBMISSION] - File from student: SE140351
2020-04-12 15:29:44 INFO  EvaluationManager:284 - [EVALUATE] Student code : SE140351
2020-04-12 15:30:41 INFO  SubmissionUtils:62 - [SUBMISSION] - File from student: SE140443
2020-04-12 15:30:41 INFO  EvaluationManager:284 - [EVALUATE] Student code : SE140443
2020-04-12 15:31:53 INFO  SubmissionUtils:62 - [SUBMISSION] - File from student: SE140459
2020-04-12 15:31:53 INFO  EvaluationManager:284 - [EVALUATE] Student code : SE140459
2020-04-12 15:33:49 INFO  SubmissionUtils:62 - [SUBMISSION] - File from student: SE140522
2020-04-12 15:33:49 INFO  EvaluationManager:284 - [EVALUATE] Student code : SE140522
2020-04-12 15:34:43 INFO  SubmissionUtils:62 - [SUBMISSION] - File from student: SE140588
2020-04-12 15:34:43 INFO  EvaluationManager:284 - [EVALUATE] Student code : SE140588
2020-04-12 15:36:31 INFO  SubmissionUtils:62 - [SUBMISSION] - File from student: SE140522
2020-04-12 15:36:31 INFO  EvaluationManager:284 - [EVALUATE] Student code : SE140522
2020-04-12 15:40:57 INFO  SubmissionUtils:62 - [SUBMISSION] - File from student: SE140626
2020-04-12 15:40:57 INFO  EvaluationManager:284 - [EVALUATE] Student code : SE140626
2020-04-12 15:44:40 INFO  SubmissionUtils:62 - [SUBMISSION] - File from student: SE140626
2020-04-12 15:44:40 INFO  EvaluationManager:284 - [EVALUATE] Student code : SE140626
2020-04-12 15:46:26 INFO  SubmissionUtils:62 - [SUBMISSION] - File from student: SE140671
2020-04-12 15:46:27 INFO  EvaluationManager:284 - [EVALUATE] Student code : SE140671
2020-04-12 15:47:40 INFO  SubmissionUtils:62 - [SUBMISSION] - File from student: SE140786
2020-04-12 15:47:40 INFO  EvaluationManager:284 - [EVALUATE] Student code : SE140786
2020-04-12 15:48:37 INFO  SubmissionUtils:62 - [SUBMISSION] - File from student: SE140948
2020-04-12 15:48:38 INFO  EvaluationManager:284 - [EVALUATE] Student code : SE140948
2020-04-12 15:51:17 INFO  SubmissionUtils:62 - [SUBMISSION] - File from student: SE140948
2020-04-12 15:51:18 INFO  EvaluationManager:284 - [EVALUATE] Student code : SE140948
2020-04-12 15:55:15 INFO  SubmissionUtils:62 - [SUBMISSION] - File from student: SE130308
2020-04-12 15:55:15 INFO  EvaluationManager:284 - [EVALUATE] Student code : SE130308
2020-04-12 15:55:55 INFO  SubmissionUtils:62 - [SUBMISSION] - File from student: SE140043
2020-04-12 15:55:55 INFO  EvaluationManager:284 - [EVALUATE] Student code : SE140043
2020-04-12 15:58:03 INFO  SubmissionUtils:62 - [SUBMISSION] - File from student: SE140043
2020-04-12 15:58:03 INFO  EvaluationManager:284 - [EVALUATE] Student code : SE140043
2020-04-12 16:02:14 INFO  SubmissionUtils:62 - [SUBMISSION] - File from student: SE140043
2020-04-12 16:02:14 INFO  EvaluationManager:284 - [EVALUATE] Student code : SE140043
2020-04-12 16:03:53 INFO  SubmissionUtils:62 - [SUBMISSION] - File from student: SE140043
2020-04-12 16:03:53 INFO  EvaluationManager:284 - [EVALUATE] Student code : SE140043
2020-04-12 16:07:14 INFO  SubmissionUtils:62 - [SUBMISSION] - File from student: SE140043
2020-04-12 16:07:14 INFO  EvaluationManager:284 - [EVALUATE] Student code : SE140043
2020-04-12 16:09:46 INFO  SubmissionUtils:62 - [SUBMISSION] - File from student: SE140043
2020-04-12 16:09:47 INFO  EvaluationManager:284 - [EVALUATE] Student code : SE140043
2020-04-12 16:13:11 INFO  SubmissionUtils:62 - [SUBMISSION] - File from student: SE140043
2020-04-12 16:13:12 INFO  EvaluationManager:284 - [EVALUATE] Student code : SE140043
2020-04-12 16:19:10 INFO  SubmissionUtils:62 - [SUBMISSION] - File from student: SE140043
2020-04-12 16:19:10 INFO  EvaluationManager:284 - [EVALUATE] Student code : SE140043
2020-04-12 16:20:31 INFO  SubmissionUtils:62 - [SUBMISSION] - File from student: SE140043
2020-04-12 16:20:31 INFO  EvaluationManager:284 - [EVALUATE] Student code : SE140043
2020-04-12 16:22:35 INFO  SubmissionUtils:62 - [SUBMISSION] - File from student: SE140043
2020-04-12 16:22:35 INFO  EvaluationManager:284 - [EVALUATE] Student code : SE140043
2020-04-12 16:26:54 INFO  SubmissionUtils:62 - [SUBMISSION] - File from student: SE140043
2020-04-12 16:26:54 INFO  EvaluationManager:284 - [EVALUATE] Student code : SE140043
2020-04-12 16:33:00 INFO  SubmissionUtils:62 - [SUBMISSION] - File from student: SE140043
2020-04-12 16:33:00 INFO  EvaluationManager:284 - [EVALUATE] Student code : SE140043
2020-04-12 16:38:33 INFO  SubmissionUtils:62 - [SUBMISSION] - File from student: SE140043
2020-04-12 16:38:34 INFO  EvaluationManager:284 - [EVALUATE] Student code : SE140043
2020-04-12 16:43:09 INFO  SubmissionUtils:62 - [SUBMISSION] - File from student: SE140043
2020-04-12 16:43:09 INFO  EvaluationManager:284 - [EVALUATE] Student code : SE140043
2020-04-12 16:46:43 INFO  SubmissionUtils:62 - [SUBMISSION] - File from student: SE140043
2020-04-12 16:46:44 INFO  EvaluationManager:284 - [EVALUATE] Student code : SE140043
2020-04-12 16:49:28 INFO  SubmissionUtils:62 - [SUBMISSION] - File from student: SE140043
2020-04-12 16:49:28 INFO  EvaluationManager:284 - [EVALUATE] Student code : SE140043
2020-04-12 16:58:04 INFO  SubmissionUtils:62 - [SUBMISSION] - File from student: SE140025
2020-04-12 16:58:04 INFO  EvaluationManager:284 - [EVALUATE] Student code : SE140025
2020-04-12 16:59:37 INFO  SubmissionUtils:62 - [SUBMISSION] - File from student: SE140052
2020-04-12 16:59:38 INFO  EvaluationManager:284 - [EVALUATE] Student code : SE140052
2020-04-12 17:03:53 INFO  SubmissionUtils:62 - [SUBMISSION] - File from student: SE140025
2020-04-12 17:03:53 INFO  EvaluationManager:284 - [EVALUATE] Student code : SE140025
2020-04-12 17:06:22 INFO  SubmissionUtils:62 - [SUBMISSION] - File from student: SE140025
2020-04-12 17:06:22 INFO  EvaluationManager:284 - [EVALUATE] Student code : SE140025
2020-04-12 17:08:19 INFO  SubmissionUtils:62 - [SUBMISSION] - File from student: SE140025
2020-04-12 17:08:20 INFO  EvaluationManager:284 - [EVALUATE] Student code : SE140025
2020-04-12 17:12:46 INFO  SubmissionUtils:62 - [SUBMISSION] - File from student: SE140025
2020-04-12 17:12:46 INFO  EvaluationManager:284 - [EVALUATE] Student code : SE140025
2020-04-12 17:19:18 INFO  SubmissionUtils:62 - [SUBMISSION] - File from student: SE140025
2020-04-12 17:19:19 INFO  EvaluationManager:284 - [EVALUATE] Student code : SE140025
2020-04-12 17:20:44 INFO  SubmissionUtils:62 - [SUBMISSION] - File from student: SE140052
2020-04-12 17:20:44 INFO  EvaluationManager:284 - [EVALUATE] Student code : SE140052
2020-04-12 17:20:45 ERROR EvaluationManager:354 - [EVALUATE-ERROR] Student code : SE140052
2020-04-12 17:22:08 INFO  SubmissionUtils:62 - [SUBMISSION] - File from student: SE140052
2020-04-12 17:22:09 INFO  EvaluationManager:284 - [EVALUATE] Student code : SE140052
2020-04-12 17:25:47 INFO  SubmissionUtils:62 - [SUBMISSION] - File from student: SE140077
2020-04-12 17:25:47 INFO  EvaluationManager:284 - [EVALUATE] Student code : SE140077
2020-04-12 17:28:49 INFO  SubmissionUtils:62 - [SUBMISSION] - File from student: SE140077
2020-04-12 17:28:49 INFO  EvaluationManager:284 - [EVALUATE] Student code : SE140077
2020-04-12 17:31:32 INFO  SubmissionUtils:62 - [SUBMISSION] - File from student: SE140077
2020-04-12 17:31:32 INFO  EvaluationManager:284 - [EVALUATE] Student code : SE140077
2020-04-12 17:32:21 INFO  SubmissionUtils:62 - [SUBMISSION] - File from student: SE140107
2020-04-12 17:32:22 INFO  EvaluationManager:284 - [EVALUATE] Student code : SE140107
2020-04-12 17:35:06 INFO  SubmissionUtils:62 - [SUBMISSION] - File from student: SE140107
2020-04-12 17:35:06 INFO  EvaluationManager:284 - [EVALUATE] Student code : SE140107
2020-04-12 19:09:30 INFO  SubmissionUtils:62 - [SUBMISSION] - File from student: SE140331
2020-04-12 19:09:31 INFO  EvaluationManager:284 - [EVALUATE] Student code : SE140331
2020-04-12 19:11:28 INFO  SubmissionUtils:62 - [SUBMISSION] - File from student: SE140341
2020-04-12 19:11:28 INFO  EvaluationManager:284 - [EVALUATE] Student code : SE140341
2020-04-12 19:12:37 INFO  SubmissionUtils:62 - [SUBMISSION] - File from student: SE140353
2020-04-12 19:12:37 INFO  EvaluationManager:284 - [EVALUATE] Student code : SE140353
2020-04-12 19:16:44 INFO  SubmissionUtils:62 - [SUBMISSION] - File from student: SE140353
2020-04-12 19:16:44 INFO  EvaluationManager:284 - [EVALUATE] Student code : SE140353
2020-04-23 21:15:07 INFO  SubmissionUtils:62 - [SUBMISSION] - File from student: SE63146
2020-04-23 21:15:07 INFO  EvaluationManager:284 - [EVALUATE] Student code : SE63146
2020-04-23 21:15:07 ERROR EvaluationManager:353 - [EVALUATE-ERROR] Student code : SE63146
2020-04-23 21:51:52 INFO  SubmissionUtils:62 - [SUBMISSION] - File from student: SE63146
2020-04-23 21:51:52 INFO  EvaluationManager:284 - [EVALUATE] Student code : SE63146
2020-04-23 21:51:52 ERROR EvaluationManager:353 - [EVALUATE-ERROR] Student code : SE63146
2020-04-23 22:35:23 INFO  SubmissionUtils:62 - [SUBMISSION] - File from student: SE62847
2020-04-23 22:35:23 INFO  EvaluationManager:284 - [EVALUATE] Student code : SE62847
2020-04-23 22:35:23 ERROR EvaluationManager:353 - [EVALUATE-ERROR] Student code : SE62847
2020-04-23 22:40:09 INFO  SubmissionUtils:62 - [SUBMISSION] - File from student: SE63155
2020-04-23 22:40:09 INFO  EvaluationManager:284 - [EVALUATE] Student code : SE63155
2020-04-23 22:40:09 ERROR EvaluationManager:353 - [EVALUATE-ERROR] Student code : SE63155
2020-04-23 23:19:58 INFO  SubmissionUtils:62 - [SUBMISSION] - File from student: SE62847
2020-04-23 23:19:58 INFO  EvaluationManager:284 - [EVALUATE] Student code : SE62847
2020-04-23 23:19:58 ERROR EvaluationManager:353 - [EVALUATE-ERROR] Student code : SE62847
2020-04-23 23:21:10 INFO  SubmissionUtils:62 - [SUBMISSION] - File from student: SE63155
2020-04-23 23:21:10 INFO  EvaluationManager:284 - [EVALUATE] Student code : SE63155
2020-04-23 23:21:10 ERROR EvaluationManager:353 - [EVALUATE-ERROR] Student code : SE63155
2020-04-24 00:53:40 INFO  SubmissionUtils:62 - [SUBMISSION] - File from student: SE63146
2020-04-24 00:53:40 ERROR SubmissionUtils:85 - [SUBMISSION-ERROR] - File from student : D:\Offline_api\submission\PracticalExams\Practical_Java_IA1431_20200412\Submissions\SE63146.zip: The process cannot access the file because it is being used by another process.

2020-04-24 00:55:50 INFO  SubmissionUtils:62 - [SUBMISSION] - File from student: SE63146
2020-04-24 00:55:50 INFO  EvaluationManager:284 - [EVALUATE] Student code : SE63146
2020-04-24 00:55:50 ERROR EvaluationManager:353 - [EVALUATE-ERROR] Student code : SE63146
2020-04-24 00:57:33 INFO  SubmissionUtils:62 - [SUBMISSION] - File from student: SE62847
2020-04-24 00:57:33 INFO  EvaluationManager:284 - [EVALUATE] Student code : SE62847
2020-04-24 00:57:33 ERROR EvaluationManager:353 - [EVALUATE-ERROR] Student code : SE62847
2020-04-24 01:00:12 INFO  SubmissionUtils:62 - [SUBMISSION] - File from student: SE63146
2020-04-24 01:00:12 ERROR SubmissionUtils:85 - [SUBMISSION-ERROR] - File from student : D:\Offline_api\submission\PracticalExams\Practical_Java_IA1431_20200412\Submissions\SE63146.zip: The process cannot access the file because it is being used by another process.

2020-04-24 15:30:14 INFO  SubmissionUtils:62 - [SUBMISSION] - File from student: SE62847
2020-04-24 15:30:14 INFO  SubmissionUtils:62 - [SUBMISSION] - File from student: null
2020-04-24 15:30:14 ERROR SubmissionUtils:85 - [SUBMISSION-ERROR] - File from student : null
2020-04-24 15:30:14 INFO  SubmissionUtils:62 - [SUBMISSION] - File from student: SE62847
2020-04-24 15:30:14 ERROR SubmissionUtils:114 - [EVALUATE] Waiting - : SE62847
2020-04-24 15:30:14 INFO  EvaluationManager:284 - [EVALUATE] Student code : SE62847
2020-04-24 15:30:14 ERROR EvaluationManager:353 - [EVALUATE-ERROR] Student code : SE62847
