[INFO] Scanning for projects...
[INFO] 
[INFO] -----------------------< com.fpt.practical:java >-----------------------
[INFO] Building java 0.0.1-SNAPSHOT
[INFO] --------------------------------[ jar ]---------------------------------
[INFO] 
[INFO] --- maven-clean-plugin:3.1.0:clean (default-clean) @ java ---
[INFO] Deleting E:\CN9\FU_Submission_Webservice\submission\PracticalExams\Practical_Java_SE1402_20200407\Server\target
[INFO] 
[INFO] --- maven-resources-plugin:3.1.0:resources (default-resources) @ java ---
[INFO] Using 'UTF-8' encoding to copy filtered resources.
[INFO] Copying 1 resource
[INFO] Copying 0 resource
[INFO] 
[INFO] --- maven-compiler-plugin:3.8.1:compile (default-compile) @ java ---
[INFO] Changes detected - recompiling the module!
[INFO] Compiling 5 source files to E:\CN9\FU_Submission_Webservice\submission\PracticalExams\Practical_Java_SE1402_20200407\Server\target\classes
[INFO] 
[INFO] --- maven-resources-plugin:3.1.0:testResources (default-testResources) @ java ---
[INFO] Using 'UTF-8' encoding to copy filtered resources.
[INFO] skip non existing resourceDirectory E:\CN9\FU_Submission_Webservice\submission\PracticalExams\Practical_Java_SE1402_20200407\Server\src\test\resources
[INFO] 
[INFO] --- maven-compiler-plugin:3.8.1:testCompile (default-testCompile) @ java ---
[INFO] Changes detected - recompiling the module!
[INFO] Compiling 3 source files to E:\CN9\FU_Submission_Webservice\submission\PracticalExams\Practical_Java_SE1402_20200407\Server\target\test-classes
[INFO] 
[INFO] --- maven-surefire-plugin:2.22.2:test (default-test) @ java ---
[INFO] 
[INFO] -------------------------------------------------------
[INFO]  T E S T S
[INFO] -------------------------------------------------------
[INFO] Running com.practicalexam.JavaApplicationTests
17:31:33.638 [main] DEBUG org.springframework.test.context.BootstrapUtils - Instantiating CacheAwareContextLoaderDelegate from class [org.springframework.test.context.cache.DefaultCacheAwareContextLoaderDelegate]
17:31:33.678 [main] DEBUG org.springframework.test.context.BootstrapUtils - Instantiating BootstrapContext using constructor [public org.springframework.test.context.support.DefaultBootstrapContext(java.lang.Class,org.springframework.test.context.CacheAwareContextLoaderDelegate)]
17:31:33.764 [main] DEBUG org.springframework.test.context.BootstrapUtils - Instantiating TestContextBootstrapper for test class [com.practicalexam.JavaApplicationTests] from class [org.springframework.boot.test.context.SpringBootTestContextBootstrapper]
17:31:33.833 [main] INFO org.springframework.boot.test.context.SpringBootTestContextBootstrapper - Neither @ContextConfiguration nor @ContextHierarchy found for test class [com.practicalexam.JavaApplicationTests], using SpringBootContextLoader
17:31:33.841 [main] DEBUG org.springframework.test.context.support.AbstractContextLoader - Did not detect default resource location for test class [com.practicalexam.JavaApplicationTests]: class path resource [com/practicalexam/JavaApplicationTests-context.xml] does not exist
17:31:33.842 [main] DEBUG org.springframework.test.context.support.AbstractContextLoader - Did not detect default resource location for test class [com.practicalexam.JavaApplicationTests]: class path resource [com/practicalexam/JavaApplicationTestsContext.groovy] does not exist
17:31:33.843 [main] INFO org.springframework.test.context.support.AbstractContextLoader - Could not detect default resource locations for test class [com.practicalexam.JavaApplicationTests]: no resource found for suffixes {-context.xml, Context.groovy}.
17:31:33.844 [main] INFO org.springframework.test.context.support.AnnotationConfigContextLoaderUtils - Could not detect default configuration classes for test class [com.practicalexam.JavaApplicationTests]: JavaApplicationTests does not declare any static, non-private, non-final, nested classes annotated with @Configuration.
17:31:33.910 [main] DEBUG org.springframework.test.context.support.ActiveProfilesUtils - Could not find an 'annotation declaring class' for annotation type [org.springframework.test.context.ActiveProfiles] and class [com.practicalexam.JavaApplicationTests]
17:31:34.083 [main] DEBUG org.springframework.context.annotation.ClassPathScanningCandidateComponentProvider - Identified candidate component class: file [E:\CN9\FU_Submission_Webservice\submission\PracticalExams\Practical_Java_SE1402_20200407\Server\target\classes\com\practicalexam\JavaApplication.class]
17:31:34.086 [main] INFO org.springframework.boot.test.context.SpringBootTestContextBootstrapper - Found @SpringBootConfiguration com.practicalexam.JavaApplication for test class com.practicalexam.JavaApplicationTests
17:31:34.284 [main] DEBUG org.springframework.boot.test.context.SpringBootTestContextBootstrapper - @TestExecutionListeners is not present for class [com.practicalexam.JavaApplicationTests]: using defaults.
17:31:34.285 [main] INFO org.springframework.boot.test.context.SpringBootTestContextBootstrapper - Loaded default TestExecutionListener class names from location [META-INF/spring.factories]: [org.springframework.boot.test.mock.mockito.MockitoTestExecutionListener, org.springframework.boot.test.mock.mockito.ResetMocksTestExecutionListener, org.springframework.boot.test.autoconfigure.restdocs.RestDocsTestExecutionListener, org.springframework.boot.test.autoconfigure.web.client.MockRestServiceServerResetTestExecutionListener, org.springframework.boot.test.autoconfigure.web.servlet.MockMvcPrintOnlyOnFailureTestExecutionListener, org.springframework.boot.test.autoconfigure.web.servlet.WebDriverTestExecutionListener, org.springframework.test.context.web.ServletTestExecutionListener, org.springframework.test.context.support.DirtiesContextBeforeModesTestExecutionListener, org.springframework.test.context.support.DependencyInjectionTestExecutionListener, org.springframework.test.context.support.DirtiesContextTestExecutionListener, org.springframework.test.context.transaction.TransactionalTestExecutionListener, org.springframework.test.context.jdbc.SqlScriptsTestExecutionListener, org.springframework.test.context.event.EventPublishingTestExecutionListener]
17:31:34.302 [main] DEBUG org.springframework.boot.test.context.SpringBootTestContextBootstrapper - Skipping candidate TestExecutionListener [org.springframework.test.context.transaction.TransactionalTestExecutionListener] due to a missing dependency. Specify custom listener classes or make the default listener classes and their required dependencies available. Offending class: [org/springframework/transaction/TransactionDefinition]
17:31:34.303 [main] DEBUG org.springframework.boot.test.context.SpringBootTestContextBootstrapper - Skipping candidate TestExecutionListener [org.springframework.test.context.jdbc.SqlScriptsTestExecutionListener] due to a missing dependency. Specify custom listener classes or make the default listener classes and their required dependencies available. Offending class: [org/springframework/transaction/interceptor/TransactionAttribute]
17:31:34.303 [main] INFO org.springframework.boot.test.context.SpringBootTestContextBootstrapper - Using TestExecutionListeners: [org.springframework.test.context.web.ServletTestExecutionListener@10fde30a, org.springframework.test.context.support.DirtiesContextBeforeModesTestExecutionListener@f27ea3, org.springframework.boot.test.mock.mockito.MockitoTestExecutionListener@1ce61929, org.springframework.boot.test.autoconfigure.SpringBootDependencyInjectionTestExecutionListener@346939bf, org.springframework.test.context.support.DirtiesContextTestExecutionListener@4bf3798b, org.springframework.test.context.event.EventPublishingTestExecutionListener@58670130, org.springframework.boot.test.mock.mockito.ResetMocksTestExecutionListener@74e47444, org.springframework.boot.test.autoconfigure.restdocs.RestDocsTestExecutionListener@9bd0fa6, org.springframework.boot.test.autoconfigure.web.client.MockRestServiceServerResetTestExecutionListener@59d2103b, org.springframework.boot.test.autoconfigure.web.servlet.MockMvcPrintOnlyOnFailureTestExecutionListener@39dcf4b0, org.springframework.boot.test.autoconfigure.web.servlet.WebDriverTestExecutionListener@6e4de19b]
17:31:34.308 [main] DEBUG org.springframework.test.context.support.AbstractDirtiesContextTestExecutionListener - Before test class: context [DefaultTestContext@7c7d3c46 testClass = JavaApplicationTests, testInstance = [null], testMethod = [null], testException = [null], mergedContextConfiguration = [WebMergedContextConfiguration@24fb6a80 testClass = JavaApplicationTests, locations = '{}', classes = '{class com.practicalexam.JavaApplication}', contextInitializerClasses = '[]', activeProfiles = '{}', propertySourceLocations = '{}', propertySourceProperties = '{org.springframework.boot.test.context.SpringBootTestContextBootstrapper=true}', contextCustomizers = set[org.springframework.boot.test.context.filter.ExcludeFilterContextCustomizer@177bea38, org.springframework.boot.test.json.DuplicateJsonObjectContextCustomizerFactory$DuplicateJsonObjectContextCustomizer@2631f68c, org.springframework.boot.test.mock.mockito.MockitoContextCustomizer@0, org.springframework.boot.test.web.client.TestRestTemplateContextCustomizer@2a62b5bc, org.springframework.boot.test.autoconfigure.properties.PropertyMappingContextCustomizer@0, org.springframework.boot.test.autoconfigure.web.servlet.WebDriverContextCustomizerFactory$Customizer@5a18cd76], resourceBasePath = 'src/main/webapp', contextLoader = 'org.springframework.boot.test.context.SpringBootContextLoader', parent = [null]], attributes = map['org.springframework.test.context.web.ServletTestExecutionListener.activateListener' -> true]], class annotated with @DirtiesContext [false] with mode [null].
17:31:34.360 [main] DEBUG org.springframework.test.context.support.TestPropertySourceUtils - Adding inlined properties to environment: {spring.jmx.enabled=false, org.springframework.boot.test.context.SpringBootTestContextBootstrapper=true, server.port=-1}

  .   ____          _            __ _ _
 /\\ / ___'_ __ _ _(_)_ __  __ _ \ \ \ \
( ( )\___ | '_ | '_| | '_ \/ _` | \ \ \ \
 \\/  ___)| |_)| | | | | || (_| |  ) ) ) )
  '  |____| .__|_| |_|_| |_\__, | / / / /
 =========|_|==============|___/=/_/_/_/
 :: Spring Boot ::        (v2.2.4.RELEASE)

2020-04-07 17:31:35.641  INFO 4748 --- [           main] com.practicalexam.JavaApplicationTests   : Starting JavaApplicationTests on THUCNHSE63155 with PID 4748 (started by HP in E:\CN9\FU_Submission_Webservice\submission\PracticalExams\Practical_Java_SE1402_20200407\Server)
2020-04-07 17:31:35.644  INFO 4748 --- [           main] com.practicalexam.JavaApplicationTests   : No active profile set, falling back to default profiles: default
2020-04-07 17:31:43.887  INFO 4748 --- [           main] trationDelegate$BeanPostProcessorChecker : Bean 'org.springframework.ws.config.annotation.DelegatingWsConfiguration' of type [org.springframework.ws.config.annotation.DelegatingWsConfiguration$$EnhancerBySpringCGLIB$$de822c49] is not eligible for getting processed by all BeanPostProcessors (for example: not eligible for auto-proxying)
2020-04-07 17:31:44.179  INFO 4748 --- [           main] .w.s.a.s.AnnotationActionEndpointMapping : Supporting [WS-Addressing August 2004, WS-Addressing 1.0]
2020-04-07 17:31:46.950  INFO 4748 --- [           main] o.s.s.concurrent.ThreadPoolTaskExecutor  : Initializing ExecutorService 'applicationTaskExecutor'
2020-04-07 17:31:49.427  INFO 4748 --- [           main] com.practicalexam.JavaApplicationTests   : Started JavaApplicationTests in 15.045 seconds (JVM running for 17.685)
Add a watch to the list
Input Id : 
Input Name : 
Input Manufacturer : 
Input Price : 
Inserted successfully
SE1267|1000 |  nameTest|manufactorTest|1000.000000
insertWatch
Test Successful for test: insertWatch()
Input Id to search : 
Input Name : 
Input Manufacturer : 
Input Price : 
Updated successfully
SE1267|1000 |nameTestChanged|manufactorTest|1000.000000
updateWatch
Test Successful for test: updateWatch()
Input Id to search : 
SE1267|1000 |nameTestChanged|manufactorTest|1000.000000
search
Test Successful for test: search()
Add a watch to the list
Input Id : 
Input Name : 
Input Manufacturer : 
Input Price : 
Inserted successfully
SE1267|1001 |nameTest1001|manufactorTest|1000.000000
SE1267|ID   |      NAME|MANUFACTURER|PRICE
SE1267|1001 |nameTest1001|manufactorTest|1000.000000
SE1267|1000 |nameTestChanged|manufactorTest|1000.000000
sort
Test Successful for test: sort()
Input Id to search : 
SE1267|1000 |nameTestChanged|manufactorTest|1000.000000
remove
Test Successful for test: remove()
E:\CN9\FU_Submission_Webservice\submission\PracticalExams\Practical_Java_SE1402_20200407\Server\src\test\java\com\practicalexam
E:\CN9\FU_Submission_Webservice\submission\PracticalExams\Practical_Java_SE1402_20200407\Server\src\test\java\com\practicalexam
[INFO] Tests run: 5, Failures: 0, Errors: 0, Skipped: 0, Time elapsed: 19.916 s - in com.practicalexam.JavaApplicationTests
2020-04-07 17:31:54.632  INFO 4748 --- [extShutdownHook] o.s.s.concurrent.ThreadPoolTaskExecutor  : Shutting down ExecutorService 'applicationTaskExecutor'
[INFO] 
[INFO] Results:
[INFO] 
[INFO] Tests run: 5, Failures: 0, Errors: 0, Skipped: 0
[INFO] 
[INFO] 
[INFO] --- maven-jar-plugin:3.1.2:jar (default-jar) @ java ---
[INFO] Building jar: E:\CN9\FU_Submission_Webservice\submission\PracticalExams\Practical_Java_SE1402_20200407\Server\target\java-0.0.1-SNAPSHOT.jar
[INFO] 
[INFO] --- spring-boot-maven-plugin:2.2.4.RELEASE:repackage (repackage) @ java ---
[INFO] Replacing main artifact with repackaged archive
[INFO] ------------------------------------------------------------------------
[INFO] BUILD SUCCESS
[INFO] ------------------------------------------------------------------------
[INFO] Total time:  35.464 s
[INFO] Finished at: 2020-04-07T17:31:58+07:00
[INFO] ------------------------------------------------------------------------
